<?xml version="1.0" encoding="UTF-8"?>
<testng-results skipped="0" failed="0" ignored="0" total="2" passed="2">
  <reporter-output>
  </reporter-output>
  <suite name="Google Tests" duration-ms="14298" started-at="2020-03-30T13:55:19 EDT" finished-at="2020-03-30T13:55:33 EDT">
    <groups>
    </groups>
    <test name="Link Test" duration-ms="7406" started-at="2020-03-30T13:55:19 EDT" finished-at="2020-03-30T13:55:26 EDT">
      <class name="smoketests.LinksTest">
        <test-method status="PASS" signature="setUp()[pri:0, instance:smoketests.LinksTest@22a67b4]" name="setUp" is-config="true" duration-ms="4925" started-at="2020-03-30T13:55:19 EDT" finished-at="2020-03-30T13:55:24 EDT">
          <reporter-output>
          </reporter-output>
        </test-method> <!-- setUp -->
        <test-method status="PASS" signature="gmailLinkTest()[pri:0, instance:smoketests.LinksTest@22a67b4]" name="gmailLinkTest" duration-ms="1220" started-at="2020-03-30T13:55:24 EDT" finished-at="2020-03-30T13:55:25 EDT">
          <reporter-output>
          </reporter-output>
        </test-method> <!-- gmailLinkTest -->
        <test-method status="PASS" signature="tearDown()[pri:0, instance:smoketests.LinksTest@22a67b4]" name="tearDown" is-config="true" duration-ms="1231" started-at="2020-03-30T13:55:25 EDT" finished-at="2020-03-30T13:55:26 EDT">
          <reporter-output>
          </reporter-output>
        </test-method> <!-- tearDown -->
      </class> <!-- smoketests.LinksTest -->
    </test> <!-- Link Test -->
    <test name="Logo Test" duration-ms="6872" started-at="2020-03-30T13:55:26 EDT" finished-at="2020-03-30T13:55:33 EDT">
      <class name="smoketests.PageLogoTestNG">
        <test-method status="PASS" signature="setUp()[pri:0, instance:smoketests.PageLogoTestNG@6895a785]" name="setUp" is-config="true" duration-ms="4443" started-at="2020-03-30T13:55:26 EDT" finished-at="2020-03-30T13:55:31 EDT">
          <reporter-output>
          </reporter-output>
        </test-method> <!-- setUp -->
        <test-method status="PASS" signature="logoTest()[pri:0, instance:smoketests.PageLogoTestNG@6895a785]" name="logoTest" duration-ms="1030" started-at="2020-03-30T13:55:31 EDT" finished-at="2020-03-30T13:55:32 EDT">
          <reporter-output>
          </reporter-output>
        </test-method> <!-- logoTest -->
        <test-method status="PASS" signature="tearDown()[pri:0, instance:smoketests.PageLogoTestNG@6895a785]" name="tearDown" is-config="true" duration-ms="1399" started-at="2020-03-30T13:55:32 EDT" finished-at="2020-03-30T13:55:33 EDT">
          <reporter-output>
          </reporter-output>
        </test-method> <!-- tearDown -->
      </class> <!-- smoketests.PageLogoTestNG -->
    </test> <!-- Logo Test -->
  </suite> <!-- Google Tests -->
</testng-results>
